<?xml version="1.0" encoding="UTF-8"?>
<testng-results ignored="0" total="1" passed="1" failed="0" skipped="0">
  <reporter-output>
  </reporter-output>
  <suite started-at="2018-02-14T12:21:14Z" name="FREE CRM Application Test Automation Test Suite" finished-at="2018-02-14T12:22:05Z" duration-ms="51028">
    <groups>
    </groups>
    <test started-at="2018-02-14T12:21:14Z" name="Free CRM App Test Cases" finished-at="2018-02-14T12:22:05Z" duration-ms="51028">
      <class name="com.qa.test.testpage.LoginTest">
        <test-method is-config="true" signature="setup()[pri:0, instance:com.qa.test.testpage.LoginTest@68267da0]" started-at="2018-02-14T17:51:14Z" name="setup" finished-at="2018-02-14T17:51:58Z" duration-ms="44046" status="PASS">
          <reporter-output>
          </reporter-output>
        </test-method> <!-- setup -->
        <test-method signature="login()[pri:0, instance:com.qa.test.testpage.LoginTest@68267da0]" started-at="2018-02-14T17:51:58Z" name="login" finished-at="2018-02-14T17:52:05Z" duration-ms="6869" status="PASS">
          <reporter-output>
          </reporter-output>
        </test-method> <!-- login -->
        <test-method is-config="true" signature="teardown()[pri:0, instance:com.qa.test.testpage.LoginTest@68267da0]" started-at="2018-02-14T17:52:05Z" name="teardown" finished-at="2018-02-14T17:52:05Z" duration-ms="95" status="PASS">
          <reporter-output>
          </reporter-output>
        </test-method> <!-- teardown -->
      </class> <!-- com.qa.test.testpage.LoginTest -->
    </test> <!-- Free CRM App Test Cases -->
  </suite> <!-- FREE CRM Application Test Automation Test Suite -->
</testng-results>
